[    0.000000] Linux version 4.15.0-212-generic (buildd@lcy02-amd64-083) (gcc version 7.5.0 (Ubuntu 7.5.0-3ubuntu1~18.04)) #223-Ubuntu SMP Tue May 23 13:09:22 UTC 2023 (Ubuntu 4.15.0-212.223-generic 4.15.18)
[    0.000000] Command line: BOOT_IMAGE=/boot/vmlinuz-4.15.0-212-generic root=LABEL=cloudimg-rootfs ro console=tty1 console=ttyS0
[    0.000000] KERNEL supported cpus:
[    0.000000]   Intel GenuineIntel
[    0.000000]   AMD AuthenticAMD
[    0.000000]   Centaur CentaurHauls
[    0.000000] x86/fpu: x87 FPU will use FXSAVE
[    0.000000] e820: BIOS-provided physical RAM map:
[    0.000000] BIOS-e820: [mem 0x0000000000000000-0x000000000009fbff] usable
[    0.000000] BIOS-e820: [mem 0x000000000009fc00-0x000000000009ffff] reserved
[    0.000000] BIOS-e820: [mem 0x00000000000f0000-0x00000000000fffff] reserved
[    0.000000] BIOS-e820: [mem 0x0000000000100000-0x000000003ffeffff] usable
[    0.000000] BIOS-e820: [mem 0x000000003fff0000-0x000000003fffffff] ACPI data
[    0.000000] BIOS-e820: [mem 0x00000000fec00000-0x00000000fec00fff] reserved
[    0.000000] BIOS-e820: [mem 0x00000000fee00000-0x00000000fee00fff] reserved
[    0.000000] BIOS-e820: [mem 0x00000000fffc0000-0x00000000ffffffff] reserved
[    0.000000] NX (Execute Disable) protection: active
[    0.000000] SMBIOS 2.5 present.
[    0.000000] DMI: innotek GmbH VirtualBox/VirtualBox, BIOS VirtualBox 12/01/2006
[    0.000000] Hypervisor detected: KVM
[    0.000000] e820: last_pfn = 0x3fff0 max_arch_pfn = 0x400000000
[    0.000000] x86/PAT: Configuration [0-7]: WB  WC  UC- UC  WB  WP  UC- WT  
[    0.000000] CPU MTRRs all blank - virtualized system.
[    0.000000] found SMP MP-table at [mem 0x0009fbf0-0x0009fbff]
[    0.000000] Scanning 1 areas for low memory corruption
[    0.000000] RAMDISK: [mem 0x359cb000-0x36cdcfff]
[    0.000000] ACPI: Early table checksum verification disabled
[    0.000000] ACPI: RSDP 0x00000000000E0000 000024 (v02 VBOX  )
[    0.000000] ACPI: XSDT 0x000000003FFF0030 00003C (v01 VBOX   VBOXXSDT 00000001 ASL  00000061)
[    0.000000] ACPI: FACP 0x000000003FFF00F0 0000F4 (v04 VBOX   VBOXFACP 00000001 ASL  00000061)
[    0.000000] ACPI: DSDT 0x000000003FFF0610 002353 (v02 VBOX   VBOXBIOS 00000002 INTL 20100528)
[    0.000000] ACPI: FACS 0x000000003FFF0200 000040
[    0.000000] ACPI: FACS 0x000000003FFF0200 000040
[    0.000000] ACPI: APIC 0x000000003FFF0240 00005C (v02 VBOX   VBOXAPIC 00000001 ASL  00000061)
[    0.000000] ACPI: SSDT 0x000000003FFF02A0 00036C (v01 VBOX   VBOXCPUT 00000002 INTL 20100528)
[    0.000000] ACPI: Reserving FACP table memory at [mem 0x3fff00f0-0x3fff01e3]
[    0.000000] ACPI: Reserving DSDT table memory at [mem 0x3fff0610-0x3fff2962]
[    0.000000] ACPI: Reserving FACS table memory at [mem 0x3fff0200-0x3fff023f]
[    0.000000] ACPI: Reserving FACS table memory at [mem 0x3fff0200-0x3fff023f]
[    0.000000] ACPI: Reserving APIC table memory at [mem 0x3fff0240-0x3fff029b]
[    0.000000] ACPI: Reserving SSDT table memory at [mem 0x3fff02a0-0x3fff060b]
[    0.000000] No NUMA configuration found
[    0.000000] Faking a node at [mem 0x0000000000000000-0x000000003ffeffff]
[    0.000000] NODE_DATA(0) allocated [mem 0x3ffc5000-0x3ffeffff]
[    0.000000] kvm-clock: cpu 0, msr 0:3ff44001, primary cpu clock
[    0.000000] kvm-clock: Using msrs 4b564d01 and 4b564d00
[    0.000000] kvm-clock: using sched offset of 3904244916 cycles
[    0.000000] clocksource: kvm-clock: mask: 0xffffffffffffffff max_cycles: 0x1cd42e4dffb, max_idle_ns: 881590591483 ns
[    0.000000] Zone ranges:
[    0.000000]   DMA      [mem 0x0000000000001000-0x0000000000ffffff]
[    0.000000]   DMA32    [mem 0x0000000001000000-0x000000003ffeffff]
[    0.000000]   Normal   empty
[    0.000000]   Device   empty
[    0.000000] Movable zone start for each node
[    0.000000] Early memory node ranges
[    0.000000]   node   0: [mem 0x0000000000001000-0x000000000009efff]
[    0.000000]   node   0: [mem 0x0000000000100000-0x000000003ffeffff]
[    0.000000] Reserved but unavailable: 104 pages
[    0.000000] Initmem setup node 0 [mem 0x0000000000001000-0x000000003ffeffff]
[    0.000000] ACPI: PM-Timer IO Port: 0x4008
[    0.000000] IOAPIC[0]: apic_id 2, version 32, address 0xfec00000, GSI 0-23
[    0.000000] ACPI: INT_SRC_OVR (bus 0 bus_irq 0 global_irq 2 dfl dfl)
[    0.000000] ACPI: INT_SRC_OVR (bus 0 bus_irq 9 global_irq 9 low level)
[    0.000000] Using ACPI (MADT) for SMP configuration information
[    0.000000] smpboot: Allowing 2 CPUs, 0 hotplug CPUs
[    0.000000] PM: Registered nosave memory: [mem 0x00000000-0x00000fff]
[    0.000000] PM: Registered nosave memory: [mem 0x0009f000-0x0009ffff]
[    0.000000] PM: Registered nosave memory: [mem 0x000a0000-0x000effff]
[    0.000000] PM: Registered nosave memory: [mem 0x000f0000-0x000fffff]
[    0.000000] e820: [mem 0x40000000-0xfebfffff] available for PCI devices
[    0.000000] Booting paravirtualized kernel on KVM
[    0.000000] clocksource: refined-jiffies: mask: 0xffffffff max_cycles: 0xffffffff, max_idle_ns: 7645519600211568 ns
[    0.000000] setup_percpu: NR_CPUS:8192 nr_cpumask_bits:2 nr_cpu_ids:2 nr_node_ids:1
[    0.000000] percpu: Embedded 50 pages/cpu s167936 r8192 d28672 u1048576
[    0.000000] PV qspinlock hash table entries: 256 (order: 0, 4096 bytes)
[    0.000000] Built 1 zonelists, mobility grouping on.  Total pages: 257913
[    0.000000] Policy zone: DMA32
[    0.000000] Kernel command line: BOOT_IMAGE=/boot/vmlinuz-4.15.0-212-generic root=LABEL=cloudimg-rootfs ro console=tty1 console=ttyS0
[    0.000000] Memory: 982644K/1048120K available (12300K kernel code, 2477K rwdata, 4324K rodata, 2480K init, 2720K bss, 65476K reserved, 0K cma-reserved)
[    0.000000] SLUB: HWalign=64, Order=0-3, MinObjects=0, CPUs=2, Nodes=1
[    0.000000] Kernel/User page tables isolation: enabled
[    0.000000] ftrace: allocating 39508 entries in 155 pages
[    0.004000] Hierarchical RCU implementation.
[    0.004000] 	RCU restricting CPUs from NR_CPUS=8192 to nr_cpu_ids=2.
[    0.004000] 	Tasks RCU enabled.
[    0.004000] RCU: Adjusting geometry for rcu_fanout_leaf=16, nr_cpu_ids=2
[    0.004000] NR_IRQS: 524544, nr_irqs: 440, preallocated irqs: 16
[    0.004000] random: crng init done
[    0.004000] Console: colour VGA+ 80x25
[    0.004000] console [tty1] enabled
[    0.004000] console [ttyS0] enabled
[    0.004000] ACPI: Core revision 20170831
[    0.004000] ACPI: 2 ACPI AML tables successfully acquired and loaded
[    0.004000] APIC: Switch to symmetric I/O mode setup
[    0.004000] ..TIMER: vector=0x30 apic1=0 pin1=2 apic2=-1 pin2=-1
[    0.004004] tsc: Detected 2999.998 MHz processor
[    0.008009] Calibrating delay loop (skipped) preset value.. 5999.99 BogoMIPS (lpj=11999992)
[    0.012003] pid_max: default: 32768 minimum: 301
[    0.016090] Security Framework initialized
[    0.020003] Yama: becoming mindful.
[    0.024085] AppArmor: AppArmor initialized
[    0.033133] Dentry cache hash table entries: 131072 (order: 8, 1048576 bytes)
[    0.040124] Inode-cache hash table entries: 65536 (order: 7, 524288 bytes)
[    0.044076] Mount-cache hash table entries: 2048 (order: 2, 16384 bytes)
[    0.048074] Mountpoint-cache hash table entries: 2048 (order: 2, 16384 bytes)
[    0.054528] Last level iTLB entries: 4KB 128, 2MB 8, 4MB 8
[    0.056003] Last level dTLB entries: 4KB 64, 2MB 0, 4MB 0, 1GB 4
[    0.060004] Spectre V1 : Mitigation: usercopy/swapgs barriers and __user pointer sanitization
[    0.064003] Spectre V2 : Mitigation: Retpolines
[    0.068002] Spectre V2 : Spectre v2 / SpectreRSB mitigation: Filling RSB on context switch
[    0.072002] Spectre V2 : Spectre v2 / SpectreRSB : Filling RSB on VMEXIT
[    0.076006] RETBleed: WARNING: Spectre v2 mitigation leaves CPU vulnerable to RETBleed attacks, data leaks possible!
[    0.080005] RETBleed: Vulnerable
[    0.084005] Speculative Store Bypass: Vulnerable
[    0.088097] MDS: Mitigation: Clear CPU buffers
[    0.092003] MMIO Stale Data: Mitigation: Clear CPU buffers
[    0.096003] SRBDS: Unknown: Dependent on hypervisor status
[    0.100163] Freeing SMP alternatives memory: 36K
[    0.221880] smpboot: CPU0: Intel(R) Core(TM) i5-7400 CPU @ 3.00GHz (family: 0x6, model: 0x9e, stepping: 0x9)
[    0.224467] Performance Events: unsupported p6 CPU model 158 no PMU driver, software events only.
[    0.228098] Hierarchical SRCU implementation.
[    0.236037] NMI watchdog: Perf event create on CPU 0 failed with -2
[    0.240002] NMI watchdog: Perf NMI watchdog permanently disabled
[    0.244369] smp: Bringing up secondary CPUs ...
[    0.249004] x86: Booting SMP configuration:
[    0.252092] .... node  #0, CPUs:      #1
[    0.004000] kvm-clock: cpu 1, msr 0:3ff44041, secondary cpu clock
[    0.268000] TSC synchronization [CPU#0 -> CPU#1]:
[    0.268000] Measured 66839 cycles TSC warp between CPUs, turning off TSC clock.
[    0.268000] tsc: Marking TSC unstable due to check_tsc_sync_source failed
[    0.272306] smp: Brought up 1 node, 2 CPUs
[    0.276005] smpboot: Max logical packages: 1
[    0.280008] smpboot: Total of 2 processors activated (11999.99 BogoMIPS)
[    0.284822] devtmpfs: initialized
[    0.288135] x86/mm: Memory block size: 128MB
[    0.292500] evm: security.selinux
[    0.296009] evm: security.SMACK64
[    0.300007] evm: security.SMACK64EXEC
[    0.304005] evm: security.SMACK64TRANSMUTE
[    0.308003] evm: security.SMACK64MMAP
[    0.312004] evm: security.apparmor
[    0.316005] evm: security.ima
[    0.320004] evm: security.capability
[    0.324480] clocksource: jiffies: mask: 0xffffffff max_cycles: 0xffffffff, max_idle_ns: 7645041785100000 ns
[    0.328155] futex hash table entries: 512 (order: 3, 32768 bytes)
[    0.332236] pinctrl core: initialized pinctrl subsystem
[    0.336609] RTC time: 11:22:11, date: 01/16/26
[    0.344375] NET: Registered protocol family 16
[    0.348124] audit: initializing netlink subsys (disabled)
[    0.356222] audit: type=2000 audit(1768562535.319:1): state=initialized audit_enabled=0 res=1
[    0.368006] cpuidle: using governor ladder
[    0.372008] cpuidle: using governor menu
[    0.376059] ACPI: bus type PCI registered
[    0.380003] acpiphp: ACPI Hot Plug PCI Controller Driver version: 0.5
[    0.384601] PCI: Using configuration type 1 for base access
[    0.392666] HugeTLB registered 2.00 MiB page size, pre-allocated 0 pages
[    0.400532] ACPI: Added _OSI(Module Device)
[    0.404009] ACPI: Added _OSI(Processor Device)
[    0.408006] ACPI: Added _OSI(3.0 _SCP Extensions)
[    0.416005] ACPI: Added _OSI(Processor Aggregator Device)
[    0.420008] ACPI: Added _OSI(Linux-Dell-Video)
[    0.428012] ACPI: Added _OSI(Linux-Lenovo-NV-HDMI-Audio)
[    0.432005] ACPI: Added _OSI(Linux-HPI-Hybrid-Graphics)
[    0.440657] ACPI: Executed 1 blocks of module-level executable AML code
[    0.453737] ACPI: Interpreter enabled
[    0.456013] ACPI: (supports S0 S5)
[    0.460003] ACPI: Using IOAPIC for interrupt routing
[    0.468212] PCI: Using host bridge windows from ACPI; if necessary, use "pci=nocrs" and report a bug
[    0.472321] ACPI: Enabled 2 GPEs in block 00 to 07
[    0.488768] ACPI: PCI Root Bridge [PCI0] (domain 0000 [bus 00-ff])
[    0.492017] acpi PNP0A03:00: _OSC: OS supports [ASPM ClockPM Segments MSI]
[    0.501026] acpi PNP0A03:00: _OSC: not requesting OS control; OS requires [ExtendedConfig ASPM ClockPM MSI]
[    0.504020] acpi PNP0A03:00: fail to add MMCONFIG information, can't access extended PCI configuration space under this bridge.
[    0.512535] PCI host bridge to bus 0000:00
[    0.516010] pci_bus 0000:00: root bus resource [io  0x0000-0x0cf7 window]
[    0.520010] pci_bus 0000:00: root bus resource [io  0x0d00-0xffff window]
[    0.524011] pci_bus 0000:00: root bus resource [mem 0x000a0000-0x000bffff window]
[    0.528009] pci_bus 0000:00: root bus resource [mem 0x40000000-0xfdffffff window]
[    0.532005] pci_bus 0000:00: root bus resource [bus 00-ff]
[    0.544204] pci 0000:00:01.1: legacy IDE quirk: reg 0x10: [io  0x01f0-0x01f7]
[    0.548004] pci 0000:00:01.1: legacy IDE quirk: reg 0x14: [io  0x03f6]
[    0.552004] pci 0000:00:01.1: legacy IDE quirk: reg 0x18: [io  0x0170-0x0177]
[    0.556003] pci 0000:00:01.1: legacy IDE quirk: reg 0x1c: [io  0x0376]
[    0.588937] pci 0000:00:07.0: quirk: [io  0x4000-0x403f] claimed by PIIX4 ACPI
[    0.592045] pci 0000:00:07.0: quirk: [io  0x4100-0x410f] claimed by PIIX4 SMB
[    0.609138] ACPI: PCI Interrupt Link [LNKA] (IRQs 5 9 10 *11)
[    0.616515] ACPI: PCI Interrupt Link [LNKB] (IRQs 5 9 *10 11)
[    0.620249] ACPI: PCI Interrupt Link [LNKC] (IRQs 5 *9 10 11)
[    0.624301] ACPI: PCI Interrupt Link [LNKD] (IRQs 5 9 10 *11)
[    0.632308] SCSI subsystem initialized
[    0.636306] pci 0000:00:02.0: vgaarb: setting as boot VGA device
[    0.640000] pci 0000:00:02.0: vgaarb: VGA device added: decodes=io+mem,owns=io+mem,locks=none
[    0.640016] pci 0000:00:02.0: vgaarb: bridge control possible
[    0.644007] vgaarb: loaded
[    0.648087] ACPI: bus type USB registered
[    0.652053] usbcore: registered new interface driver usbfs
[    0.656024] usbcore: registered new interface driver hub
[    0.660017] usbcore: registered new device driver usb
[    0.664305] EDAC MC: Ver: 3.0.0
[    0.668910] PCI: Using ACPI for IRQ routing
[    0.676387] NetLabel: Initializing
[    0.680000] NetLabel:  domain hash size = 128
[    0.680004] NetLabel:  protocols = UNLABELED CIPSOv4 CALIPSO
[    0.684026] NetLabel:  unlabeled traffic allowed by default
[    0.692278] clocksource: Switched to clocksource kvm-clock
[    0.718321] VFS: Disk quotas dquot_6.6.0
[    0.718321] VFS: Dquot-cache hash table entries: 512 (order 0, 4096 bytes)
[    0.718321] AppArmor: AppArmor Filesystem Enabled
[    0.718321] pnp: PnP ACPI init
[    0.718321] pnp: PnP ACPI: found 3 devices
[    0.813386] clocksource: acpi_pm: mask: 0xffffff max_cycles: 0xffffff, max_idle_ns: 2085701024 ns
[    0.816382] NET: Registered protocol family 2
[    0.816382] IP idents hash table entries: 16384 (order: 5, 131072 bytes)
[    0.834843] TCP established hash table entries: 8192 (order: 4, 65536 bytes)
[    0.838440] TCP bind hash table entries: 8192 (order: 5, 131072 bytes)
[    0.838440] TCP: Hash tables configured (established 8192 bind 8192)
[    0.838440] UDP hash table entries: 512 (order: 2, 16384 bytes)
[    0.838440] UDP-Lite hash table entries: 512 (order: 2, 16384 bytes)
[    0.838440] NET: Registered protocol family 1
[    0.838440] pci 0000:00:00.0: Limiting direct PCI/PCI transfers
[    0.838440] pci 0000:00:01.0: Activating ISA DMA hang workarounds
[    0.838440] pci 0000:00:02.0: Video device with shadowed ROM at [mem 0x000c0000-0x000dffff]
[    0.838440] Unpacking initramfs...
[    1.392359] Freeing initrd memory: 19528K
[    1.399849] clocksource: tsc: mask: 0xffffffffffffffff max_cycles: 0x2b3e43c8763, max_idle_ns: 440795360101 ns
[    1.410523] platform rtc_cmos: registered platform RTC device (no PNP device found)
[    1.418415] Scanning for low memory corruption every 60 seconds
[    1.427476] Initialise system trusted keyrings
[    1.432544] Key type blacklist registered
[    1.438007] workingset: timestamp_bits=36 max_order=18 bucket_order=0
[    1.448926] zbud: loaded
[    1.453790] squashfs: version 4.0 (2009/01/31) Phillip Lougher
[    1.461477] fuse init (API version 7.26)
[    1.487385] Key type asymmetric registered
[    1.492284] Asymmetric key parser 'x509' registered
[    1.497337] Block layer SCSI generic (bsg) driver version 0.4 loaded (major 246)
[    1.505838] io scheduler noop registered
[    1.510388] io scheduler deadline registered
[    1.514868] io scheduler cfq registered (default)
[    1.520901] ACPI: AC Adapter [AC] (on-line)
[    1.525329] input: Power Button as /devices/LNXSYSTM:00/LNXPWRBN:00/input/input0
[    1.533925] ACPI: Power Button [PWRF]
[    1.538658] input: Sleep Button as /devices/LNXSYSTM:00/LNXSLPBN:00/input/input1
[    1.546400] ACPI: Sleep Button [SLPF]
[    1.552278] Serial: 8250/16550 driver, 32 ports, IRQ sharing enabled
[    1.587874] 00:02: ttyS0 at I/O 0x3f8 (irq = 4, base_baud = 115200) is a 16550A
[    1.615347] Linux agpgart interface v0.103
[    1.632317] loop: module loaded
[    1.639455] scsi host0: ata_piix
[    1.644542] scsi host1: ata_piix
[    1.647981] ata1: PATA max UDMA/33 cmd 0x1f0 ctl 0x3f6 bmdma 0xd000 irq 14
[    1.655128] ata2: PATA max UDMA/33 cmd 0x170 ctl 0x376 bmdma 0xd008 irq 15
[    1.662566] tun: Universal TUN/TAP device driver, 1.6
[    1.669209] PPP generic driver version 2.4.2
[    1.674634] ehci_hcd: USB 2.0 'Enhanced' Host Controller (EHCI) Driver
[    1.681802] ehci-pci: EHCI PCI platform driver
[    1.686584] ehci-platform: EHCI generic platform driver
[    1.692152] ohci_hcd: USB 1.1 'Open' Host Controller (OHCI) Driver
[    1.699238] ohci-pci: OHCI PCI platform driver
[    1.704717] ohci-platform: OHCI generic platform driver
[    1.710703] uhci_hcd: USB Universal Host Controller Interface driver
[    1.717616] i8042: PNP: PS/2 Controller [PNP0303:PS2K,PNP0f03:PS2M] at 0x60,0x64 irq 1,12
[    1.731195] serio: i8042 KBD port at 0x60,0x64 irq 1
[    1.737566] serio: i8042 AUX port at 0x60,0x64 irq 12
[    1.744695] mousedev: PS/2 mouse device common for all mice
[    1.755846] rtc_cmos rtc_cmos: rtc core: registered rtc_cmos as rtc0
[    1.763665] input: AT Translated Set 2 keyboard as /devices/platform/i8042/serio0/input/input2
[    1.768896] rtc_cmos rtc_cmos: alarms up to one day, 114 bytes nvram
[    1.780222] i2c /dev entries driver
[    1.784700] device-mapper: uevent: version 1.0.3
[    1.790335] device-mapper: ioctl: 4.37.0-ioctl (2017-09-20) initialised: dm-devel@redhat.com
[    1.799996] ledtrig-cpu: registered to indicate activity on CPUs
[    1.810276] NET: Registered protocol family 10
[    1.860316] Segment Routing with IPv6
[    1.865319] NET: Registered protocol family 17
[    1.884968] Key type dns_resolver registered
[    1.890921] mce: Using 0 MCE banks
[    1.895549] RAS: Correctable Errors collector initialized.
[    1.901781] sched_clock: Marking stable (1901722390, 0)->(2832690700, -930968310)
[    1.915089] registered taskstats version 1
[    1.920510] Loading compiled-in X.509 certificates
[    1.931089] Loaded X.509 cert 'Build time autogenerated kernel key: b5b26778eaa3ab3a4a6cee031137706e947d12ad'
[    1.942906] Loaded X.509 cert 'Canonical Ltd. Live Patch Signing: 14df34d1a87cf37625abec039ef2bf521249b969'
[    1.954567] Loaded X.509 cert 'Canonical Ltd. Kernel Module Signing: 88f752e560a1e0737e31163a466ad7b70a850c19'
[    1.965116] blacklist: Loading compiled-in revocation X.509 certificates
[    1.973159] Loaded X.509 cert 'Canonical Ltd. Secure Boot Signing: 61482aa2830d0ab2ad5af10b7250da9033ddcef0'
[    1.983579] Loaded X.509 cert 'Canonical Ltd. Secure Boot Signing (2017): 242ade75ac4a15e50d50c84b0d45ff3eae707a03'
[    1.995141] Loaded X.509 cert 'Canonical Ltd. Secure Boot Signing (ESM 2018): 365188c1d374d6b07c3c8f240f8ef722433d6a8b'
[    2.006790] Loaded X.509 cert 'Canonical Ltd. Secure Boot Signing (2019): c0746fd6c5da3ae827864651ad66ae47fe24b3e8'
[    2.017655] Loaded X.509 cert 'Canonical Ltd. Secure Boot Signing (2021 v1): a8d54bbb3825cfb94fa13c9f8a594a195c107b8d'
[    2.029643] Loaded X.509 cert 'Canonical Ltd. Secure Boot Signing (2021 v2): 4cf046892d6fd3c9a5b03f98d845f90851dc6a8c'
[    2.040628] Loaded X.509 cert 'Canonical Ltd. Secure Boot Signing (2021 v3): 100437bb6de6e469b581e61cd66bce3ef4ed53af'
[    2.052337] Loaded X.509 cert 'Canonical Ltd. Secure Boot Signing (Ubuntu Core 2019): c1d57b8f6b743f23ee41f4f7ee292f06eecadfb9'
[    2.064901] zswap: loaded using pool lzo/zbud
[    2.081743] Key type big_key registered
[    2.086541] Key type trusted registered
[    2.096274] Key type encrypted registered
[    2.101525] AppArmor: AppArmor sha1 policy hashing enabled
[    2.107848] ima: No TPM chip found, activating TPM-bypass! (rc=-19)
[    2.115178] ima: Allocated hash algorithm: sha1
[    2.120895] evm: HMAC attrs: 0x1
[    2.126338]   Magic number: 10:160:378
[    2.132491] rtc_cmos rtc_cmos: setting system clock to 2026-01-16 11:22:12 UTC (1768562532)
[    2.141909] BIOS EDD facility v0.16 2004-Jun-25, 0 devices found
[    2.148867] EDD information not available.
[    2.157183] Freeing unused kernel image memory: 2480K
[    2.176152] Write protecting the kernel read-only data: 20480k
[    2.183637] Freeing unused kernel image memory: 2008K
[    2.190222] Freeing unused kernel image memory: 1820K
[    2.201159] x86/mm: Checked W+X mappings: passed, no W+X pages found.
[    2.208628] x86/mm: Checking user space page tables
[    2.219516] x86/mm: Checked W+X mappings: passed, no W+X pages found.
Loading, please wait...
starting version 237
[    2.370051] Fusion MPT base driver 3.04.20
[    2.375780] Copyright (c) 1999-2008 LSI Corporation
[    2.393489] e1000: Intel(R) PRO/1000 Network Driver - version 7.3.21-k8-NAPI
[    2.401636] e1000: Copyright (c) 1999-2006 Intel Corporation.
[    2.443323] Fusion MPT SPI Host driver 3.04.20
[    2.459213] SSE version of gcm_enc/dec engaged.
[    2.659299] input: ImExPS/2 Generic Explorer Mouse as /devices/platform/i8042/serio1/input/input4
[    3.316078] e1000 0000:00:03.0 eth0: (PCI:33MHz:32-bit) 02:3b:7b:b7:3b:2d
[    3.323692] e1000 0000:00:03.0 eth0: Intel(R) PRO/1000 Network Connection
[    3.337515] mptbase: ioc0: Initiating bringup
[    4.106340] ioc0: LSI53C1030 A0: Capabilities={Initiator}
[    5.318441] scsi host2: ioc0: LSI53C1030 A0, FwRev=00000000h, Ports=1, MaxQ=256, IRQ=20
[    6.986881] scsi 2:0:0:0: Direct-Access     VBOX     HARDDISK         1.0  PQ: 0 ANSI: 5
[    7.041392] scsi target2:0:0: Beginning Domain Validation
[    7.101202] scsi target2:0:0: Domain Validation skipping write tests
[    7.108014] scsi target2:0:0: Ending Domain Validation
[    7.114208] scsi target2:0:0: asynchronous
[    7.122005] scsi 2:0:1:0: Direct-Access     VBOX     HARDDISK         1.0  PQ: 0 ANSI: 5
[    7.476249] scsi target2:0:1: Beginning Domain Validation
[    7.491069] scsi target2:0:1: Domain Validation skipping write tests
[    7.498095] scsi target2:0:1: Ending Domain Validation
[    7.503822] scsi target2:0:1: asynchronous
[    7.525295] sd 2:0:0:0: [sda] 83886080 512-byte logical blocks: (42.9 GB/40.0 GiB)
[    7.533705] sd 2:0:0:0: Attached scsi generic sg0 type 0
[    7.539642] sd 2:0:0:0: [sda] Write Protect is off
[    7.545005] sd 2:0:1:0: Attached scsi generic sg1 type 0
[    7.551233] sd 2:0:0:0: [sda] Incomplete mode parameter data
[    7.557855] sd 2:0:0:0: [sda] Assuming drive cache: write through
[    7.568999]  sda: sda1
[    7.574794] sd 2:0:0:0: [sda] Attached SCSI disk
[    7.580523] sd 2:0:1:0: [sdb] 20480 512-byte logical blocks: (10.5 MB/10.0 MiB)
[    7.588905] sd 2:0:1:0: [sdb] Write Protect is off
[    7.595079] sd 2:0:1:0: [sdb] Incomplete mode parameter data
[    7.600980] sd 2:0:1:0: [sdb] Assuming drive cache: write through
[    7.614567] sd 2:0:1:0: [sdb] Attached SCSI disk
[    7.756756] e1000 0000:00:08.0 eth1: (PCI:33MHz:32-bit) 08:00:27:0a:9d:1b
[    7.763750] e1000 0000:00:08.0 eth1: Intel(R) PRO/1000 Network Connection
[    7.774527] e1000 0000:00:03.0 enp0s3: renamed from eth0
[    7.792768] e1000 0000:00:08.0 enp0s8: renamed from eth1
Begin: Loading essential drivers ... [    9.716729] raid6: sse2x1   gen() 10673 MB/s
[    9.768772] raid6: sse2x1   xor()  7869 MB/s
[    9.820813] raid6: sse2x2   gen() 13724 MB/s
[    9.872126] raid6: sse2x2   xor()  9263 MB/s
[    9.924641] raid6: sse2x4   gen() 15820 MB/s
[    9.976226] raid6: sse2x4   xor()  9892 MB/s
[    9.981307] raid6: using algorithm sse2x4 gen() 15820 MB/s
[    9.986884] raid6: .... xor() 9892 MB/s, rmw enabled
[    9.992067] raid6: using ssse3x2 recovery algorithm
[   10.000622] xor: measuring software checksum speed
